<?xml version="1.0" encoding="UTF-8"?>
<!-- Generated by org.testng.reporters.JUnitXMLReporter -->
<testsuite hostname="DESKTOP-HR62PVD" name="Regression" tests="1" failures="1" timestamp="27 May 2023 06:32:47 GMT" time="0.962" errors="0">
  <testcase name="runScripts" time="0.951" classname="keywordDrivenExecute.FieldValidateScripts">
    <failure type="atu.testng.reports.exceptions.ATUReporterStepFailedException">
      <![CDATA[[ATU Custom Reporter Step Failed Exception]
	at atu.testng.reports.listeners.ATUReportsListener.onTestSuccess(Unknown Source)
... Removed 20 stack frames]]>
    </failure>
  </testcase> <!-- runScripts -->
</testsuite> <!-- Regression -->
