<?xml version="1.0" encoding="UTF-8"?>
<!-- Generated by org.testng.reporters.JUnitXMLReporter -->
<testsuite hostname="DESKTOP-HR62PVD" name="Regression" tests="1" failures="1" timestamp="30 May 2023 16:09:29 GMT" time="9.212" errors="0">
  <testcase name="runScripts" time="9.202" classname="keywordDrivenExecute.FieldValidateScripts">
    <failure type="atu.testng.reports.exceptions.ATUReporterStepFailedException">
      <![CDATA[[ATU Custom Reporter Step Failed Exception]
	at atu.testng.reports.listeners.ATUReportsListener.onTestSuccess(Unknown Source)
... Removed 20 stack frames]]>
    </failure>
  </testcase> <!-- runScripts -->
</testsuite> <!-- Regression -->
