<?xml version="1.0" encoding="UTF-8"?>
<testng-results skipped="0" failed="0" total="1" passed="1">
  <reporter-output>
    <line>
      <![CDATA[STEP1]]>
    </line>
    <line>
      <![CDATA[STEP2]]>
    </line>
    <line>
      <![CDATA[STEP3]]>
    </line>
    <line>
      <![CDATA[STEP4]]>
    </line>
    <line>
      <![CDATA[STEP5]]>
    </line>
    <line>
      <![CDATA[STEP6]]>
    </line>
    <line>
      <![CDATA[STEP7]]>
    </line>
    <line>
      <![CDATA[STEP8]]>
    </line>
    <line>
      <![CDATA[STEP9]]>
    </line>
    <line>
      <![CDATA[STEP10]]>
    </line>
    <line>
      <![CDATA[STEP11]]>
    </line>
    <line>
      <![CDATA[STEP12]]>
    </line>
  </reporter-output>
  <suite name="Sauce Demo Lab" duration-ms="8988" started-at="2023-05-27T10:54:21Z" finished-at="2023-05-27T10:54:30Z">
    <groups>
    </groups>
    <test name="Regression" duration-ms="8988" started-at="2023-05-27T10:54:21Z" finished-at="2023-05-27T10:54:30Z">
      <class name="keywordDrivenExecute.FieldValidateScripts">
        <test-method status="PASS" signature="runScripts()[pri:0, instance:keywordDrivenExecute.FieldValidateScripts@6fffcba5]" name="runScripts" duration-ms="8978" started-at="2023-05-27T16:24:21Z" finished-at="2023-05-27T16:24:30Z">
          <reporter-output>
            <line>
              <![CDATA[STEP1]]>
            </line>
            <line>
              <![CDATA[STEP2]]>
            </line>
            <line>
              <![CDATA[STEP3]]>
            </line>
            <line>
              <![CDATA[STEP4]]>
            </line>
            <line>
              <![CDATA[STEP5]]>
            </line>
            <line>
              <![CDATA[STEP6]]>
            </line>
            <line>
              <![CDATA[STEP7]]>
            </line>
            <line>
              <![CDATA[STEP8]]>
            </line>
            <line>
              <![CDATA[STEP9]]>
            </line>
            <line>
              <![CDATA[STEP10]]>
            </line>
            <line>
              <![CDATA[STEP11]]>
            </line>
            <line>
              <![CDATA[STEP12]]>
            </line>
          </reporter-output>
        </test-method> <!-- runScripts -->
      </class> <!-- keywordDrivenExecute.FieldValidateScripts -->
    </test> <!-- Regression -->
  </suite> <!-- Sauce Demo Lab -->
</testng-results>
