<?xml version="1.0" encoding="UTF-8"?>
<!-- Generated by org.testng.reporters.JUnitXMLReporter -->
<testsuite hostname="FSSCHND1873" name="Regression" tests="1" failures="1" timestamp="3 Jun 2020 14:28:59 GMT" time="48.537" errors="0">
  <testcase name="runScripts" time="48.537" classname="keywordDrivenExecute.FieldValidateScripts">
    <failure type="atu.testng.reports.exceptions.ATUReporterStepFailedException">
      <![CDATA[[ATU Custom Reporter Step Failed Exception]
	at atu.testng.reports.listeners.ATUReportsListener.onTestSuccess(Unknown Source)
... Removed 20 stack frames]]>
    </failure>
  </testcase> <!-- runScripts -->
</testsuite> <!-- Regression -->
